Tue Oct 19 15:25:29 CDT 2021
./txl/java-extract-functions.x ALL.java >> systems/jHotDraw_functions.xml

Tue Oct 19 15:25:34 CDT 2021

Tue Oct 19 15:25:34 CDT 2021
./tools/streamprocess.x './txl/java-rename-blind-functions.x stdin' < systems/jHotDraw_functions.xml > systems/jHotDraw_functions-blind.xml

real	0m0.670s
user	0m0.318s
sys	0m0.259s

Tue Oct 19 15:25:34 CDT 2021

Tue Oct 19 15:25:34 CDT 2021
./tools/clonepairs.x systems/jHotDraw_functions-blind.xml 0.30 10 2500 > systems/jHotDraw_functions-blind-clones/jHotDraw_functions-blind-clones-0.30.xml
Processing systems/jHotDraw_functions-blind.xml with difference threshold 30%, clone size 10 .. 2500 lines
Reading pcs ... done.
Total 2886/6000000 potential clones of 10 lines or more
Used 5452/100000000 total pc lines
Used 326469/600000000 unique line text chars
 and 4911/12000000 unique lines
Sorting pcs . done.
Finding clones .. done.
Total 37548 pc comparisons
Pruning embedded clone pairs .. done.
Pruned 0 embedded clone pairs
Found 65 clone pairs
Generating XML output . done.


real	0m0.043s
user	0m0.024s
sys	0m0.014s

Tue Oct 19 15:25:34 CDT 2021

Tue Oct 19 15:25:34 CDT 2021
./tools/cloneclasses.x systems/jHotDraw_functions-blind-clones/jHotDraw_functions-blind-clones-0.30.xml > systems/jHotDraw_functions-blind-clones/jHotDraw_functions-blind-clones-0.30-classes.xml
Processing systems/jHotDraw_functions-blind-clones/jHotDraw_functions-blind-clones-0.30.xml
Reading clone pairs . done.
Total 65 pairs
Sorting pairs . done.
Indexing pairs . done.
Computing classes . done.
Clustered clone pairs into 37 classes
Generating XML output . done.


real	0m0.039s
user	0m0.016s
sys	0m0.018s

Tue Oct 19 15:25:34 CDT 2021

Tue Oct 19 15:25:34 CDT 2021
./tools/getsource.x systems/jHotDraw_functions-blind-clones/jHotDraw_functions-blind-clones-0.30-classes.xml systems/jHotDraw_functions-blind-clones/jHotDraw_functions-blind-clones-0.30-classes-withsource.xml
systems/jHotDraw_functions-blind-clones/jHotDraw_functions-blind-clones-0.30-classes.xml

real	0m0.014s
user	0m0.006s
sys	0m0.004s

Tue Oct 19 15:25:34 CDT 2021

Tue Oct 19 15:25:34 CDT 2021
./tools/tohtmlpairs.x systems/jHotDraw_functions-blind-clones/jHotDraw_functions-blind-clones-0.30-classes-withsource.xml systems/jHotDraw_functions-blind-clones/jHotDraw_functions-blind-clones-0.30-classes-withsource.html
functions-blind
30%

real	0m0.008s
user	0m0.003s
sys	0m0.002s

Tue Oct 19 15:25:34 CDT 2021

